<?xml version="1.0" encoding="UTF-8"?>
<testsuite xmlns:xsi="http://www.w3.org/2001/XMLSchema-instance" xsi:noNamespaceSchemaLocation="https://maven.apache.org/surefire/maven-surefire-plugin/xsd/surefire-test-report.xsd" name="Application Login" time="0.264" tests="7" errors="0" skipped="0" failures="0">
  <properties>
[...]
</properties>
  <testcase name="Home page default login" classname="Application Login" time="0.127"/>
  <testcase name="Home page default login" classname="Application Login" time="0.006"/>
  <testcase name="Home page default login" classname="Application Login" time="0.004"/>
  <testcase name="Home page default login" classname="Application Login" time="0.006"/>
  <testcase name="Home page default login" classname="Application Login" time="0.005"/>
  <testcase name="Home page default login" classname="Application Login" time="0.009"/>
  <testcase name="Home page default login" classname="Application Login" time="0.003"/>
</testsuite>